make[1]: Entering directory '/home/xyenchi/projects/binutils-gdb/buildrv'
/bin/sh ../mkinstalldirs /usr/local /usr/local
make[2]: Entering directory '/home/xyenchi/projects/binutils-gdb/buildrv/libsframe'
make[3]: Entering directory '/home/xyenchi/projects/binutils-gdb/buildrv/libsframe'
 /usr/bin/mkdir -p '/usr/local/share/info'
 /usr/bin/install -c -m 644 ./doc/sframe-spec.info '/usr/local/share/info'
 install-info --info-dir='/usr/local/share/info' '/usr/local/share/info/sframe-spec.info'
make[3]: Leaving directory '/home/xyenchi/projects/binutils-gdb/buildrv/libsframe'
make[2]: Leaving directory '/home/xyenchi/projects/binutils-gdb/buildrv/libsframe'
make[2]: Entering directory '/home/xyenchi/projects/binutils-gdb/buildrv/bfd'
make  install-recursive
make[3]: Entering directory '/home/xyenchi/projects/binutils-gdb/buildrv/bfd'
Making install in po
make[4]: Entering directory '/home/xyenchi/projects/binutils-gdb/buildrv/bfd/po'
if test -r ../../../bfd/../mkinstalldirs; then \
  ../../../bfd/../mkinstalldirs /usr/local/share; \
else \
  ../../../bfd/mkinstalldirs /usr/local/share; \
fi
installing da.gmo as /usr/local/share/locale/da/LC_MESSAGES/bfd.mo
installing es.gmo as /usr/local/share/locale/es/LC_MESSAGES/bfd.mo
installing fi.gmo as /usr/local/share/locale/fi/LC_MESSAGES/bfd.mo
installing fr.gmo as /usr/local/share/locale/fr/LC_MESSAGES/bfd.mo
installing hr.gmo as /usr/local/share/locale/hr/LC_MESSAGES/bfd.mo
installing id.gmo as /usr/local/share/locale/id/LC_MESSAGES/bfd.mo
installing ja.gmo as /usr/local/share/locale/ja/LC_MESSAGES/bfd.mo
installing ka.gmo as /usr/local/share/locale/ka/LC_MESSAGES/bfd.mo
installing pt.gmo as /usr/local/share/locale/pt/LC_MESSAGES/bfd.mo
installing ro.gmo as /usr/local/share/locale/ro/LC_MESSAGES/bfd.mo
installing ru.gmo as /usr/local/share/locale/ru/LC_MESSAGES/bfd.mo
installing rw.gmo as /usr/local/share/locale/rw/LC_MESSAGES/bfd.mo
installing sr.gmo as /usr/local/share/locale/sr/LC_MESSAGES/bfd.mo
installing sv.gmo as /usr/local/share/locale/sv/LC_MESSAGES/bfd.mo
installing tr.gmo as /usr/local/share/locale/tr/LC_MESSAGES/bfd.mo
installing uk.gmo as /usr/local/share/locale/uk/LC_MESSAGES/bfd.mo
installing vi.gmo as /usr/local/share/locale/vi/LC_MESSAGES/bfd.mo
installing zh_CN.gmo as /usr/local/share/locale/zh_CN/LC_MESSAGES/bfd.mo
if test "bfd" = "gettext"; then \
  if test -r ../../../bfd/../mkinstalldirs; then \
    ../../../bfd/../mkinstalldirs /usr/local/share/gettext/po; \
  else \
    ../../../bfd/mkinstalldirs /usr/local/share/gettext/po; \
  fi; \
  /usr/bin/install -c -m 644 ../../../bfd/po/Makefile.in.in \
		  /usr/local/share/gettext/po/Makefile.in.in; \
else \
  : ; \
fi
make[4]: Leaving directory '/home/xyenchi/projects/binutils-gdb/buildrv/bfd/po'
make[4]: Entering directory '/home/xyenchi/projects/binutils-gdb/buildrv/bfd'
make[5]: Entering directory '/home/xyenchi/projects/binutils-gdb/buildrv/bfd'
make[5]: Nothing to be done for 'install-exec-am'.
 /usr/bin/mkdir -p '/usr/local/share/info'
 /usr/bin/install -c -m 644 ./doc/bfd.info '/usr/local/share/info'
 install-info --info-dir='/usr/local/share/info' '/usr/local/share/info/bfd.info'
make[5]: Leaving directory '/home/xyenchi/projects/binutils-gdb/buildrv/bfd'
make[4]: Leaving directory '/home/xyenchi/projects/binutils-gdb/buildrv/bfd'
make[3]: Leaving directory '/home/xyenchi/projects/binutils-gdb/buildrv/bfd'
make[2]: Leaving directory '/home/xyenchi/projects/binutils-gdb/buildrv/bfd'
make[2]: Entering directory '/home/xyenchi/projects/binutils-gdb/buildrv/opcodes'
Making install in .
make[3]: Entering directory '/home/xyenchi/projects/binutils-gdb/buildrv/opcodes'
make[4]: Entering directory '/home/xyenchi/projects/binutils-gdb/buildrv/opcodes'
make[4]: Nothing to be done for 'install-exec-am'.
make[4]: Leaving directory '/home/xyenchi/projects/binutils-gdb/buildrv/opcodes'
make[3]: Leaving directory '/home/xyenchi/projects/binutils-gdb/buildrv/opcodes'
Making install in po
make[3]: Entering directory '/home/xyenchi/projects/binutils-gdb/buildrv/opcodes/po'
if test -r ../../../opcodes/../mkinstalldirs; then \
  ../../../opcodes/../mkinstalldirs /usr/local/share; \
else \
  ../../../opcodes/mkinstalldirs /usr/local/share; \
fi
installing da.gmo as /usr/local/share/locale/da/LC_MESSAGES/opcodes.mo
installing de.gmo as /usr/local/share/locale/de/LC_MESSAGES/opcodes.mo
installing es.gmo as /usr/local/share/locale/es/LC_MESSAGES/opcodes.mo
installing fi.gmo as /usr/local/share/locale/fi/LC_MESSAGES/opcodes.mo
installing fr.gmo as /usr/local/share/locale/fr/LC_MESSAGES/opcodes.mo
installing ga.gmo as /usr/local/share/locale/ga/LC_MESSAGES/opcodes.mo
installing id.gmo as /usr/local/share/locale/id/LC_MESSAGES/opcodes.mo
installing it.gmo as /usr/local/share/locale/it/LC_MESSAGES/opcodes.mo
installing nl.gmo as /usr/local/share/locale/nl/LC_MESSAGES/opcodes.mo
installing pt_BR.gmo as /usr/local/share/locale/pt_BR/LC_MESSAGES/opcodes.mo
installing ro.gmo as /usr/local/share/locale/ro/LC_MESSAGES/opcodes.mo
installing sr.gmo as /usr/local/share/locale/sr/LC_MESSAGES/opcodes.mo
installing sv.gmo as /usr/local/share/locale/sv/LC_MESSAGES/opcodes.mo
installing tr.gmo as /usr/local/share/locale/tr/LC_MESSAGES/opcodes.mo
installing uk.gmo as /usr/local/share/locale/uk/LC_MESSAGES/opcodes.mo
installing vi.gmo as /usr/local/share/locale/vi/LC_MESSAGES/opcodes.mo
installing zh_CN.gmo as /usr/local/share/locale/zh_CN/LC_MESSAGES/opcodes.mo
if test "opcodes" = "gettext"; then \
  if test -r ../../../opcodes/../mkinstalldirs; then \
    ../../../opcodes/../mkinstalldirs /usr/local/share/gettext/po; \
  else \
    ../../../opcodes/mkinstalldirs /usr/local/share/gettext/po; \
  fi; \
  /usr/bin/install -c -m 644 ../../../opcodes/po/Makefile.in.in \
		  /usr/local/share/gettext/po/Makefile.in.in; \
else \
  : ; \
fi
make[3]: Leaving directory '/home/xyenchi/projects/binutils-gdb/buildrv/opcodes/po'
make[2]: Leaving directory '/home/xyenchi/projects/binutils-gdb/buildrv/opcodes'
make[2]: Entering directory '/home/xyenchi/projects/binutils-gdb/buildrv/binutils'
make  install-recursive
make[3]: Entering directory '/home/xyenchi/projects/binutils-gdb/buildrv/binutils'
Making install in po
make[4]: Entering directory '/home/xyenchi/projects/binutils-gdb/buildrv/binutils/po'
if test -r ../../../binutils/../mkinstalldirs; then \
  ../../../binutils/../mkinstalldirs /usr/local/share; \
else \
  ../../../binutils/mkinstalldirs /usr/local/share; \
fi
installing bg.gmo as /usr/local/share/locale/bg/LC_MESSAGES/binutils.mo
installing ca.gmo as /usr/local/share/locale/ca/LC_MESSAGES/binutils.mo
installing da.gmo as /usr/local/share/locale/da/LC_MESSAGES/binutils.mo
installing es.gmo as /usr/local/share/locale/es/LC_MESSAGES/binutils.mo
installing fi.gmo as /usr/local/share/locale/fi/LC_MESSAGES/binutils.mo
installing fr.gmo as /usr/local/share/locale/fr/LC_MESSAGES/binutils.mo
installing hr.gmo as /usr/local/share/locale/hr/LC_MESSAGES/binutils.mo
installing id.gmo as /usr/local/share/locale/id/LC_MESSAGES/binutils.mo
installing it.gmo as /usr/local/share/locale/it/LC_MESSAGES/binutils.mo
installing ja.gmo as /usr/local/share/locale/ja/LC_MESSAGES/binutils.mo
installing pt.gmo as /usr/local/share/locale/pt/LC_MESSAGES/binutils.mo
installing ro.gmo as /usr/local/share/locale/ro/LC_MESSAGES/binutils.mo
installing ru.gmo as /usr/local/share/locale/ru/LC_MESSAGES/binutils.mo
installing rw.gmo as /usr/local/share/locale/rw/LC_MESSAGES/binutils.mo
installing sk.gmo as /usr/local/share/locale/sk/LC_MESSAGES/binutils.mo
installing sr.gmo as /usr/local/share/locale/sr/LC_MESSAGES/binutils.mo
installing sv.gmo as /usr/local/share/locale/sv/LC_MESSAGES/binutils.mo
installing tr.gmo as /usr/local/share/locale/tr/LC_MESSAGES/binutils.mo
installing uk.gmo as /usr/local/share/locale/uk/LC_MESSAGES/binutils.mo
installing vi.gmo as /usr/local/share/locale/vi/LC_MESSAGES/binutils.mo
installing zh_CN.gmo as /usr/local/share/locale/zh_CN/LC_MESSAGES/binutils.mo
installing zh_TW.gmo as /usr/local/share/locale/zh_TW/LC_MESSAGES/binutils.mo
if test "binutils" = "gettext"; then \
  if test -r ../../../binutils/../mkinstalldirs; then \
    ../../../binutils/../mkinstalldirs /usr/local/share/gettext/po; \
  else \
    ../../../binutils/mkinstalldirs /usr/local/share/gettext/po; \
  fi; \
  /usr/bin/install -c -m 644 ../../../binutils/po/Makefile.in.in \
		  /usr/local/share/gettext/po/Makefile.in.in; \
else \
  : ; \
fi
make[4]: Leaving directory '/home/xyenchi/projects/binutils-gdb/buildrv/binutils/po'
make[4]: Entering directory '/home/xyenchi/projects/binutils-gdb/buildrv/binutils'
make[5]: Entering directory '/home/xyenchi/projects/binutils-gdb/buildrv/binutils'
 /usr/bin/mkdir -p '/usr/local/bin'
  /bin/sh ./libtool   --mode=install /usr/bin/install -c size '/usr/local/bin/./riscv64-unknown-linux-gnu-size'
libtool: install: /usr/bin/install -c size /usr/local/bin/./riscv64-unknown-linux-gnu-size
  /bin/sh ./libtool   --mode=install /usr/bin/install -c objdump '/usr/local/bin/./riscv64-unknown-linux-gnu-objdump'
libtool: install: /usr/bin/install -c objdump /usr/local/bin/./riscv64-unknown-linux-gnu-objdump
  /bin/sh ./libtool   --mode=install /usr/bin/install -c ar '/usr/local/bin/./riscv64-unknown-linux-gnu-ar'
libtool: install: /usr/bin/install -c ar /usr/local/bin/./riscv64-unknown-linux-gnu-ar
  /bin/sh ./libtool   --mode=install /usr/bin/install -c strings '/usr/local/bin/./riscv64-unknown-linux-gnu-strings'
libtool: install: /usr/bin/install -c strings /usr/local/bin/./riscv64-unknown-linux-gnu-strings
  /bin/sh ./libtool   --mode=install /usr/bin/install -c ranlib '/usr/local/bin/./riscv64-unknown-linux-gnu-ranlib'
libtool: install: /usr/bin/install -c ranlib /usr/local/bin/./riscv64-unknown-linux-gnu-ranlib
  /bin/sh ./libtool   --mode=install /usr/bin/install -c objcopy '/usr/local/bin/./riscv64-unknown-linux-gnu-objcopy'
libtool: install: /usr/bin/install -c objcopy /usr/local/bin/./riscv64-unknown-linux-gnu-objcopy
  /bin/sh ./libtool   --mode=install /usr/bin/install -c addr2line '/usr/local/bin/./riscv64-unknown-linux-gnu-addr2line'
libtool: install: /usr/bin/install -c addr2line /usr/local/bin/./riscv64-unknown-linux-gnu-addr2line
  /bin/sh ./libtool   --mode=install /usr/bin/install -c readelf '/usr/local/bin/./riscv64-unknown-linux-gnu-readelf'
libtool: install: /usr/bin/install -c readelf /usr/local/bin/./riscv64-unknown-linux-gnu-readelf
  /bin/sh ./libtool   --mode=install /usr/bin/install -c elfedit '/usr/local/bin/./riscv64-unknown-linux-gnu-elfedit'
libtool: install: /usr/bin/install -c elfedit /usr/local/bin/./riscv64-unknown-linux-gnu-elfedit
  /bin/sh ./libtool  --mode=install /usr/bin/install -c nm-new /usr/local/bin/riscv64-unknown-linux-gnu-nm
libtool: install: /usr/bin/install -c nm-new /usr/local/bin/riscv64-unknown-linux-gnu-nm
  /bin/sh ./libtool  --mode=install /usr/bin/install -c strip-new /usr/local/bin/riscv64-unknown-linux-gnu-strip
libtool: install: /usr/bin/install -c strip-new /usr/local/bin/riscv64-unknown-linux-gnu-strip
  /bin/sh ./libtool  --mode=install /usr/bin/install -c cxxfilt /usr/local/bin/riscv64-unknown-linux-gnu-c++filt
libtool: install: /usr/bin/install -c cxxfilt /usr/local/bin/riscv64-unknown-linux-gnu-c++filt
/bin/sh ../../binutils/../mkinstalldirs /usr/local/riscv64-unknown-linux-gnu/bin
mkdir -p -- /usr/local/riscv64-unknown-linux-gnu/bin
for i in nm-new strip-new ar ranlib dlltool objdump objcopy readelf; do \
  if [ -f $i ]; then \
    j=`echo $i | sed -e 's/-new//'`; \
    k=`echo $j | sed 's&^&riscv64-unknown-linux-gnu-&'`; \
    if [ "/usr/local/bin/$k" != "/usr/local/riscv64-unknown-linux-gnu/bin/$j" ]; then \
      rm -f /usr/local/riscv64-unknown-linux-gnu/bin/$j; \
      ln /usr/local/bin/$k /usr/local/riscv64-unknown-linux-gnu/bin/$j >/dev/null 2>/dev/null \
	||  /bin/sh ./libtool --mode=install /usr/bin/install -c $i /usr/local/riscv64-unknown-linux-gnu/bin/$j; \
    fi; \
  else true; \
  fi; \
done
 /usr/bin/mkdir -p '/usr/local/share/info'
 /usr/bin/install -c -m 644 ./doc/binutils.info '/usr/local/share/info'
 install-info --info-dir='/usr/local/share/info' '/usr/local/share/info/binutils.info'
 /usr/bin/mkdir -p '/usr/local/share/man/man1'
 /usr/bin/install -c -m 644 'doc/addr2line.1' '/usr/local/share/man/man1/riscv64-unknown-linux-gnu-addr2line.1'
 /usr/bin/install -c -m 644 'doc/ar.1' '/usr/local/share/man/man1/riscv64-unknown-linux-gnu-ar.1'
 /usr/bin/install -c -m 644 'doc/dlltool.1' '/usr/local/share/man/man1/riscv64-unknown-linux-gnu-dlltool.1'
 /usr/bin/install -c -m 644 'doc/nm.1' '/usr/local/share/man/man1/riscv64-unknown-linux-gnu-nm.1'
 /usr/bin/install -c -m 644 'doc/objcopy.1' '/usr/local/share/man/man1/riscv64-unknown-linux-gnu-objcopy.1'
 /usr/bin/install -c -m 644 'doc/objdump.1' '/usr/local/share/man/man1/riscv64-unknown-linux-gnu-objdump.1'
 /usr/bin/install -c -m 644 'doc/ranlib.1' '/usr/local/share/man/man1/riscv64-unknown-linux-gnu-ranlib.1'
 /usr/bin/install -c -m 644 'doc/readelf.1' '/usr/local/share/man/man1/riscv64-unknown-linux-gnu-readelf.1'
 /usr/bin/install -c -m 644 'doc/size.1' '/usr/local/share/man/man1/riscv64-unknown-linux-gnu-size.1'
 /usr/bin/install -c -m 644 'doc/strings.1' '/usr/local/share/man/man1/riscv64-unknown-linux-gnu-strings.1'
 /usr/bin/install -c -m 644 'doc/strip.1' '/usr/local/share/man/man1/riscv64-unknown-linux-gnu-strip.1'
 /usr/bin/install -c -m 644 'doc/elfedit.1' '/usr/local/share/man/man1/riscv64-unknown-linux-gnu-elfedit.1'
 /usr/bin/install -c -m 644 'doc/windres.1' '/usr/local/share/man/man1/riscv64-unknown-linux-gnu-windres.1'
 /usr/bin/install -c -m 644 'doc/windmc.1' '/usr/local/share/man/man1/riscv64-unknown-linux-gnu-windmc.1'
 /usr/bin/install -c -m 644 'doc/c++filt.1' '/usr/local/share/man/man1/riscv64-unknown-linux-gnu-c++filt.1'
make[5]: Leaving directory '/home/xyenchi/projects/binutils-gdb/buildrv/binutils'
make[4]: Leaving directory '/home/xyenchi/projects/binutils-gdb/buildrv/binutils'
make[3]: Leaving directory '/home/xyenchi/projects/binutils-gdb/buildrv/binutils'
make[2]: Leaving directory '/home/xyenchi/projects/binutils-gdb/buildrv/binutils'
make[2]: Entering directory '/home/xyenchi/projects/binutils-gdb/buildrv/etc'
make[3]: Entering directory '/home/xyenchi/projects/binutils-gdb/buildrv/etc'
make[3]: Nothing to be done for 'install-exec-am'.
make[3]: Nothing to be done for 'install-data-am'.
make[3]: Leaving directory '/home/xyenchi/projects/binutils-gdb/buildrv/etc'
make[2]: Leaving directory '/home/xyenchi/projects/binutils-gdb/buildrv/etc'
make[2]: Entering directory '/home/xyenchi/projects/binutils-gdb/buildrv/gas'
Making install in po
make[3]: Entering directory '/home/xyenchi/projects/binutils-gdb/buildrv/gas/po'
if test -r ../../../gas/../mkinstalldirs; then \
  ../../../gas/../mkinstalldirs /usr/local/share; \
else \
  ../../../gas/mkinstalldirs /usr/local/share; \
fi
installing es.gmo as /usr/local/share/locale/es/LC_MESSAGES/gas.mo
installing fi.gmo as /usr/local/share/locale/fi/LC_MESSAGES/gas.mo
installing fr.gmo as /usr/local/share/locale/fr/LC_MESSAGES/gas.mo
installing id.gmo as /usr/local/share/locale/id/LC_MESSAGES/gas.mo
installing ja.gmo as /usr/local/share/locale/ja/LC_MESSAGES/gas.mo
installing ru.gmo as /usr/local/share/locale/ru/LC_MESSAGES/gas.mo
installing rw.gmo as /usr/local/share/locale/rw/LC_MESSAGES/gas.mo
installing sv.gmo as /usr/local/share/locale/sv/LC_MESSAGES/gas.mo
installing tr.gmo as /usr/local/share/locale/tr/LC_MESSAGES/gas.mo
installing uk.gmo as /usr/local/share/locale/uk/LC_MESSAGES/gas.mo
installing zh_CN.gmo as /usr/local/share/locale/zh_CN/LC_MESSAGES/gas.mo
if test "gas" = "gettext"; then \
  if test -r ../../../gas/../mkinstalldirs; then \
    ../../../gas/../mkinstalldirs /usr/local/share/gettext/po; \
  else \
    ../../../gas/mkinstalldirs /usr/local/share/gettext/po; \
  fi; \
  /usr/bin/install -c -m 644 ../../../gas/po/Makefile.in.in \
		  /usr/local/share/gettext/po/Makefile.in.in; \
else \
  : ; \
fi
make[3]: Leaving directory '/home/xyenchi/projects/binutils-gdb/buildrv/gas/po'
make[3]: Entering directory '/home/xyenchi/projects/binutils-gdb/buildrv/gas'
  GEN      doc/asconfig.texi
make[4]: Entering directory '/home/xyenchi/projects/binutils-gdb/buildrv/gas'
/bin/sh ../../gas/../mkinstalldirs /usr/local/bin
  /bin/sh ./libtool  --mode=install /usr/bin/install -c as-new /usr/local/bin/riscv64-unknown-linux-gnu-as
libtool: install: /usr/bin/install -c as-new /usr/local/bin/riscv64-unknown-linux-gnu-as
/bin/sh ../../gas/../mkinstalldirs /usr/local/riscv64-unknown-linux-gnu/bin
n=`echo as | sed 's&^&riscv64-unknown-linux-gnu-&'`; \
if [ "/usr/local/bin/$n" != "/usr/local/riscv64-unknown-linux-gnu/bin/as" ]; then \
  rm -f /usr/local/riscv64-unknown-linux-gnu/bin/as; \
  ln /usr/local/bin/$n /usr/local/riscv64-unknown-linux-gnu/bin/as >/dev/null 2>/dev/null \
    ||  /bin/sh ./libtool --mode=install /usr/bin/install -c as-new /usr/local/riscv64-unknown-linux-gnu/bin/as; \
else \
  true ; \
fi
  GEN      doc/asconfig.texi
 /usr/bin/mkdir -p '/usr/local/share/info'
 /usr/bin/install -c -m 644 ./doc/as.info '/usr/local/share/info'
 install-info --info-dir='/usr/local/share/info' '/usr/local/share/info/as.info'
 /usr/bin/mkdir -p '/usr/local/share/man/man1'
 /usr/bin/install -c -m 644 'doc/as.1' '/usr/local/share/man/man1/riscv64-unknown-linux-gnu-as.1'
make[4]: Leaving directory '/home/xyenchi/projects/binutils-gdb/buildrv/gas'
make[3]: Leaving directory '/home/xyenchi/projects/binutils-gdb/buildrv/gas'
make[2]: Leaving directory '/home/xyenchi/projects/binutils-gdb/buildrv/gas'
make[2]: Entering directory '/home/xyenchi/projects/binutils-gdb/buildrv/gprof'
make  install-recursive
make[3]: Entering directory '/home/xyenchi/projects/binutils-gdb/buildrv/gprof'
Making install in po
make[4]: Entering directory '/home/xyenchi/projects/binutils-gdb/buildrv/gprof/po'
if test -r ../../../gprof/../mkinstalldirs; then \
  ../../../gprof/../mkinstalldirs /usr/local/share; \
else \
  ../../../gprof/mkinstalldirs /usr/local/share; \
fi
installing bg.gmo as /usr/local/share/locale/bg/LC_MESSAGES/gprof.mo
installing da.gmo as /usr/local/share/locale/da/LC_MESSAGES/gprof.mo
installing de.gmo as /usr/local/share/locale/de/LC_MESSAGES/gprof.mo
installing eo.gmo as /usr/local/share/locale/eo/LC_MESSAGES/gprof.mo
installing es.gmo as /usr/local/share/locale/es/LC_MESSAGES/gprof.mo
installing fi.gmo as /usr/local/share/locale/fi/LC_MESSAGES/gprof.mo
installing fr.gmo as /usr/local/share/locale/fr/LC_MESSAGES/gprof.mo
installing ga.gmo as /usr/local/share/locale/ga/LC_MESSAGES/gprof.mo
installing hu.gmo as /usr/local/share/locale/hu/LC_MESSAGES/gprof.mo
installing id.gmo as /usr/local/share/locale/id/LC_MESSAGES/gprof.mo
installing it.gmo as /usr/local/share/locale/it/LC_MESSAGES/gprof.mo
installing ja.gmo as /usr/local/share/locale/ja/LC_MESSAGES/gprof.mo
installing ka.gmo as /usr/local/share/locale/ka/LC_MESSAGES/gprof.mo
installing ms.gmo as /usr/local/share/locale/ms/LC_MESSAGES/gprof.mo
installing nl.gmo as /usr/local/share/locale/nl/LC_MESSAGES/gprof.mo
installing pt_BR.gmo as /usr/local/share/locale/pt_BR/LC_MESSAGES/gprof.mo
installing ro.gmo as /usr/local/share/locale/ro/LC_MESSAGES/gprof.mo
installing ru.gmo as /usr/local/share/locale/ru/LC_MESSAGES/gprof.mo
installing rw.gmo as /usr/local/share/locale/rw/LC_MESSAGES/gprof.mo
installing sr.gmo as /usr/local/share/locale/sr/LC_MESSAGES/gprof.mo
installing sv.gmo as /usr/local/share/locale/sv/LC_MESSAGES/gprof.mo
installing tr.gmo as /usr/local/share/locale/tr/LC_MESSAGES/gprof.mo
installing uk.gmo as /usr/local/share/locale/uk/LC_MESSAGES/gprof.mo
installing vi.gmo as /usr/local/share/locale/vi/LC_MESSAGES/gprof.mo
if test "gprof" = "gettext"; then \
  if test -r ../../../gprof/../mkinstalldirs; then \
    ../../../gprof/../mkinstalldirs /usr/local/share/gettext/po; \
  else \
    ../../../gprof/mkinstalldirs /usr/local/share/gettext/po; \
  fi; \
  /usr/bin/install -c -m 644 ../../../gprof/po/Makefile.in.in \
		  /usr/local/share/gettext/po/Makefile.in.in; \
else \
  : ; \
fi
make[4]: Leaving directory '/home/xyenchi/projects/binutils-gdb/buildrv/gprof/po'
make[4]: Entering directory '/home/xyenchi/projects/binutils-gdb/buildrv/gprof'
make[5]: Entering directory '/home/xyenchi/projects/binutils-gdb/buildrv/gprof'
 /usr/bin/mkdir -p '/usr/local/bin'
  /bin/sh ./libtool   --mode=install /usr/bin/install -c gprof '/usr/local/bin/./riscv64-unknown-linux-gnu-gprof'
libtool: install: /usr/bin/install -c gprof /usr/local/bin/./riscv64-unknown-linux-gnu-gprof
 /usr/bin/mkdir -p '/usr/local/share/info'
 /usr/bin/install -c -m 644 ./gprof.info '/usr/local/share/info'
 install-info --info-dir='/usr/local/share/info' '/usr/local/share/info/gprof.info'
 /usr/bin/mkdir -p '/usr/local/share/man/man1'
 /usr/bin/install -c -m 644 'gprof.1' '/usr/local/share/man/man1/riscv64-unknown-linux-gnu-gprof.1'
make[5]: Leaving directory '/home/xyenchi/projects/binutils-gdb/buildrv/gprof'
make[4]: Leaving directory '/home/xyenchi/projects/binutils-gdb/buildrv/gprof'
make[3]: Leaving directory '/home/xyenchi/projects/binutils-gdb/buildrv/gprof'
make[2]: Leaving directory '/home/xyenchi/projects/binutils-gdb/buildrv/gprof'
make[2]: Entering directory '/home/xyenchi/projects/binutils-gdb/buildrv/gprofng'
Making install in libcollector
make[3]: Entering directory '/home/xyenchi/projects/binutils-gdb/buildrv/gprofng/libcollector'
make[4]: Entering directory '/home/xyenchi/projects/binutils-gdb/buildrv/gprofng/libcollector'
 /usr/bin/mkdir -p '/usr/local/lib/gprofng'
 /bin/sh ./libtool   --mode=install /usr/bin/install -c   libgp-collector.la libgp-collectorAPI.la libgp-heap.la libgp-sync.la libgp-iotrace.la '/usr/local/lib/gprofng'
libtool: install: /usr/bin/install -c .libs/libgp-collector.so /usr/local/lib/gprofng/libgp-collector.so
libtool: install: /usr/bin/install -c .libs/libgp-collector.lai /usr/local/lib/gprofng/libgp-collector.la
libtool: install: /usr/bin/install -c .libs/libgp-collectorAPI.so /usr/local/lib/gprofng/libgp-collectorAPI.so
libtool: install: /usr/bin/install -c .libs/libgp-collectorAPI.lai /usr/local/lib/gprofng/libgp-collectorAPI.la
libtool: install: /usr/bin/install -c .libs/libgp-heap.so /usr/local/lib/gprofng/libgp-heap.so
libtool: install: /usr/bin/install -c .libs/libgp-heap.lai /usr/local/lib/gprofng/libgp-heap.la
libtool: install: /usr/bin/install -c .libs/libgp-sync.so /usr/local/lib/gprofng/libgp-sync.so
libtool: install: /usr/bin/install -c .libs/libgp-sync.lai /usr/local/lib/gprofng/libgp-sync.la
libtool: install: /usr/bin/install -c .libs/libgp-iotrace.so /usr/local/lib/gprofng/libgp-iotrace.so
libtool: install: /usr/bin/install -c .libs/libgp-iotrace.lai /usr/local/lib/gprofng/libgp-iotrace.la
libtool: install: /usr/bin/install -c .libs/libgp-collector.a /usr/local/lib/gprofng/libgp-collector.a
libtool: install: chmod 644 /usr/local/lib/gprofng/libgp-collector.a
libtool: install: ranlib --plugin /usr/local/libexec/gcc/x86_64-pc-linux-gnu/12.0.1/liblto_plugin.so --plugin /usr/local/libexec/gcc/x86_64-pc-linux-gnu/12.0.1/liblto_plugin.so /usr/local/lib/gprofng/libgp-collector.a
libtool: install: /usr/bin/install -c .libs/libgp-collectorAPI.a /usr/local/lib/gprofng/libgp-collectorAPI.a
libtool: install: chmod 644 /usr/local/lib/gprofng/libgp-collectorAPI.a
libtool: install: ranlib --plugin /usr/local/libexec/gcc/x86_64-pc-linux-gnu/12.0.1/liblto_plugin.so --plugin /usr/local/libexec/gcc/x86_64-pc-linux-gnu/12.0.1/liblto_plugin.so /usr/local/lib/gprofng/libgp-collectorAPI.a
libtool: install: /usr/bin/install -c .libs/libgp-heap.a /usr/local/lib/gprofng/libgp-heap.a
libtool: install: chmod 644 /usr/local/lib/gprofng/libgp-heap.a
libtool: install: ranlib --plugin /usr/local/libexec/gcc/x86_64-pc-linux-gnu/12.0.1/liblto_plugin.so --plugin /usr/local/libexec/gcc/x86_64-pc-linux-gnu/12.0.1/liblto_plugin.so /usr/local/lib/gprofng/libgp-heap.a
libtool: install: /usr/bin/install -c .libs/libgp-sync.a /usr/local/lib/gprofng/libgp-sync.a
libtool: install: chmod 644 /usr/local/lib/gprofng/libgp-sync.a
libtool: install: ranlib --plugin /usr/local/libexec/gcc/x86_64-pc-linux-gnu/12.0.1/liblto_plugin.so --plugin /usr/local/libexec/gcc/x86_64-pc-linux-gnu/12.0.1/liblto_plugin.so /usr/local/lib/gprofng/libgp-sync.a
libtool: install: /usr/bin/install -c .libs/libgp-iotrace.a /usr/local/lib/gprofng/libgp-iotrace.a
libtool: install: chmod 644 /usr/local/lib/gprofng/libgp-iotrace.a
libtool: install: ranlib --plugin /usr/local/libexec/gcc/x86_64-pc-linux-gnu/12.0.1/liblto_plugin.so --plugin /usr/local/libexec/gcc/x86_64-pc-linux-gnu/12.0.1/liblto_plugin.so /usr/local/lib/gprofng/libgp-iotrace.a
libtool: finish: PATH="/home/xyenchi/.nix-profile/bin:/nix/var/nix/profiles/default/bin:/usr/local/bin:/usr/bin:/usr/local/sbin:/home/xyenchi/.dotnet/tools:/usr/lib/jvm/default/bin:/usr/bin/site_perl:/usr/bin/vendor_perl:/usr/bin/core_perl:/usr/lib/rustup/bin:/home/xyenchi/.antigen/bundles/robbyrussell/oh-my-zsh/plugins/git:/home/xyenchi/.antigen/bundles/robbyrussell/oh-my-zsh/plugins/command-not-found:/home/xyenchi/.antigen/bundles/zsh-users/zsh-completions:/home/xyenchi/.antigen/bundles/zsh-users/zsh-autosuggestions:/home/xyenchi/.antigen/bundles/zsh-users/zsh-syntax-highlighting:/home/xyenchi/.antigen/bundles/denysdovhan/spaceship-prompt:/sbin" ldconfig -n /usr/local/lib/gprofng
----------------------------------------------------------------------
Libraries have been installed in:
   /usr/local/lib/gprofng

If you ever happen to want to link against installed libraries
in a given directory, LIBDIR, you must either use libtool, and
specify the full pathname of the library, or use the `-LLIBDIR'
flag during linking and do at least one of the following:
   - add LIBDIR to the `LD_LIBRARY_PATH' environment variable
     during execution
   - add LIBDIR to the `LD_RUN_PATH' environment variable
     during linking
   - use the `-Wl,-rpath -Wl,LIBDIR' linker flag
   - have your system administrator add LIBDIR to `/etc/ld.so.conf'

See any operating system documentation about shared libraries for
more information, such as the ld(1) and ld.so(8) manual pages.
----------------------------------------------------------------------
for f in libgp-collector libgp-heap libgp-sync libgp-iotrace ; do \
  rm -f //usr/local/lib/gprofng/$f.la //usr/local/lib/gprofng/$f.a ; \
done
 /usr/bin/mkdir -p '/usr/local/include'
 /usr/bin/install -c -m 644 ../../../gprofng/libcollector/../../include/collectorAPI.h ../../../gprofng/libcollector/../../include/libcollector.h ../../../gprofng/libcollector/../../include/libfcollector.h '/usr/local/include'
make[4]: Leaving directory '/home/xyenchi/projects/binutils-gdb/buildrv/gprofng/libcollector'
make[3]: Leaving directory '/home/xyenchi/projects/binutils-gdb/buildrv/gprofng/libcollector'
Making install in src
make[3]: Entering directory '/home/xyenchi/projects/binutils-gdb/buildrv/gprofng/src'
make  install-am
make[4]: Entering directory '/home/xyenchi/projects/binutils-gdb/buildrv/gprofng/src'
make[5]: Entering directory '/home/xyenchi/projects/binutils-gdb/buildrv/gprofng/src'
 /usr/bin/mkdir -p '/usr/local/lib'
 /bin/sh ../libtool   --mode=install /usr/bin/install -c   libgprofng.la '/usr/local/lib'
libtool: install: /usr/bin/install -c .libs/libgprofng.lai /usr/local/lib/libgprofng.la
libtool: install: /usr/bin/install -c .libs/libgprofng.a /usr/local/lib/libgprofng.a
libtool: install: chmod 644 /usr/local/lib/libgprofng.a
libtool: install: ranlib --plugin /usr/local/libexec/gcc/x86_64-pc-linux-gnu/12.0.1/liblto_plugin.so --plugin /usr/local/libexec/gcc/x86_64-pc-linux-gnu/12.0.1/liblto_plugin.so /usr/local/lib/libgprofng.a
libtool: finish: PATH="/home/xyenchi/.nix-profile/bin:/nix/var/nix/profiles/default/bin:/usr/local/bin:/usr/bin:/usr/local/sbin:/home/xyenchi/.dotnet/tools:/usr/lib/jvm/default/bin:/usr/bin/site_perl:/usr/bin/vendor_perl:/usr/bin/core_perl:/usr/lib/rustup/bin:/home/xyenchi/.antigen/bundles/robbyrussell/oh-my-zsh/plugins/git:/home/xyenchi/.antigen/bundles/robbyrussell/oh-my-zsh/plugins/command-not-found:/home/xyenchi/.antigen/bundles/zsh-users/zsh-completions:/home/xyenchi/.antigen/bundles/zsh-users/zsh-autosuggestions:/home/xyenchi/.antigen/bundles/zsh-users/zsh-syntax-highlighting:/home/xyenchi/.antigen/bundles/denysdovhan/spaceship-prompt:/sbin" ldconfig -n /usr/local/lib
----------------------------------------------------------------------
Libraries have been installed in:
   /usr/local/lib

If you ever happen to want to link against installed libraries
in a given directory, LIBDIR, you must either use libtool, and
specify the full pathname of the library, or use the `-LLIBDIR'
flag during linking and do at least one of the following:
   - add LIBDIR to the `LD_LIBRARY_PATH' environment variable
     during execution
   - add LIBDIR to the `LD_RUN_PATH' environment variable
     during linking
   - use the `-Wl,-rpath -Wl,LIBDIR' linker flag
   - have your system administrator add LIBDIR to `/etc/ld.so.conf'

See any operating system documentation about shared libraries for
more information, such as the ld(1) and ld.so(8) manual pages.
----------------------------------------------------------------------
 /usr/bin/mkdir -p '/usr/local/bin'
  /bin/sh ../libtool   --mode=install /usr/bin/install -c gp-archive '/usr/local/bin/./riscv64-unknown-linux-gnu-gp-archive'
libtool: install: /usr/bin/install -c gp-archive /usr/local/bin/./riscv64-unknown-linux-gnu-gp-archive
  /bin/sh ../libtool   --mode=install /usr/bin/install -c gp-collect-app '/usr/local/bin/./riscv64-unknown-linux-gnu-gp-collect-app'
libtool: install: /usr/bin/install -c gp-collect-app /usr/local/bin/./riscv64-unknown-linux-gnu-gp-collect-app
  /bin/sh ../libtool   --mode=install /usr/bin/install -c gprofng '/usr/local/bin/./riscv64-unknown-linux-gnu-gprofng'
libtool: install: /usr/bin/install -c gprofng /usr/local/bin/./riscv64-unknown-linux-gnu-gprofng
  /bin/sh ../libtool   --mode=install /usr/bin/install -c gp-display-text '/usr/local/bin/./riscv64-unknown-linux-gnu-gp-display-text'
libtool: install: /usr/bin/install -c gp-display-text /usr/local/bin/./riscv64-unknown-linux-gnu-gp-display-text
  /bin/sh ../libtool   --mode=install /usr/bin/install -c gp-display-src '/usr/local/bin/./riscv64-unknown-linux-gnu-gp-display-src'
libtool: install: /usr/bin/install -c gp-display-src /usr/local/bin/./riscv64-unknown-linux-gnu-gp-display-src
 /usr/bin/mkdir -p '/usr/local/etc'
 /usr/bin/install -c -m 644 ../../../gprofng/src/gprofng.rc '/usr/local/etc'
make[5]: Leaving directory '/home/xyenchi/projects/binutils-gdb/buildrv/gprofng/src'
make[4]: Leaving directory '/home/xyenchi/projects/binutils-gdb/buildrv/gprofng/src'
make[3]: Leaving directory '/home/xyenchi/projects/binutils-gdb/buildrv/gprofng/src'
Making install in gp-display-html
make[3]: Entering directory '/home/xyenchi/projects/binutils-gdb/buildrv/gprofng/gp-display-html'
make[4]: Entering directory '/home/xyenchi/projects/binutils-gdb/buildrv/gprofng/gp-display-html'
 /usr/bin/mkdir -p '/usr/local/bin'
 /usr/bin/install -c gp-display-html '/usr/local/bin/./riscv64-unknown-linux-gnu-gp-display-html'
make[4]: Nothing to be done for 'install-data-am'.
make[4]: Leaving directory '/home/xyenchi/projects/binutils-gdb/buildrv/gprofng/gp-display-html'
make[3]: Leaving directory '/home/xyenchi/projects/binutils-gdb/buildrv/gprofng/gp-display-html'
Making install in doc
make[3]: Entering directory '/home/xyenchi/projects/binutils-gdb/buildrv/gprofng/doc'
make[4]: Entering directory '/home/xyenchi/projects/binutils-gdb/buildrv/gprofng/doc'
make[4]: Nothing to be done for 'install-exec-am'.
 /usr/bin/mkdir -p '/usr/local/share/info'
 /usr/bin/install -c -m 644 ./gprofng.info '/usr/local/share/info'
 install-info --info-dir='/usr/local/share/info' '/usr/local/share/info/gprofng.info'
 /usr/bin/mkdir -p '/usr/local/share/man/man1'
 /usr/bin/install -c -m 644 'gprofng.1' '/usr/local/share/man/man1/riscv64-unknown-linux-gnu-gprofng.1'
 /usr/bin/install -c -m 644 'gp-archive.1' '/usr/local/share/man/man1/riscv64-unknown-linux-gnu-gp-archive.1'
 /usr/bin/install -c -m 644 'gp-collect-app.1' '/usr/local/share/man/man1/riscv64-unknown-linux-gnu-gp-collect-app.1'
 /usr/bin/install -c -m 644 'gp-display-html.1' '/usr/local/share/man/man1/riscv64-unknown-linux-gnu-gp-display-html.1'
 /usr/bin/install -c -m 644 'gp-display-src.1' '/usr/local/share/man/man1/riscv64-unknown-linux-gnu-gp-display-src.1'
 /usr/bin/install -c -m 644 'gp-display-text.1' '/usr/local/share/man/man1/riscv64-unknown-linux-gnu-gp-display-text.1'
make[4]: Leaving directory '/home/xyenchi/projects/binutils-gdb/buildrv/gprofng/doc'
make[3]: Leaving directory '/home/xyenchi/projects/binutils-gdb/buildrv/gprofng/doc'
make[3]: Entering directory '/home/xyenchi/projects/binutils-gdb/buildrv/gprofng'
make[4]: Entering directory '/home/xyenchi/projects/binutils-gdb/buildrv/gprofng'
make[4]: Nothing to be done for 'install-exec-am'.
make[4]: Nothing to be done for 'install-data-am'.
make[4]: Leaving directory '/home/xyenchi/projects/binutils-gdb/buildrv/gprofng'
make[3]: Leaving directory '/home/xyenchi/projects/binutils-gdb/buildrv/gprofng'
make[2]: Leaving directory '/home/xyenchi/projects/binutils-gdb/buildrv/gprofng'
make[2]: Entering directory '/home/xyenchi/projects/binutils-gdb/buildrv/intl'
make[2]: Nothing to be done for 'install'.
make[2]: Leaving directory '/home/xyenchi/projects/binutils-gdb/buildrv/intl'
make[2]: Entering directory '/home/xyenchi/projects/binutils-gdb/buildrv/libctf'
make[3]: Entering directory '/home/xyenchi/projects/binutils-gdb/buildrv/libctf'
 /usr/bin/mkdir -p '/usr/local/share/info'
 /usr/bin/install -c -m 644 ./doc/ctf-spec.info '/usr/local/share/info'
 install-info --info-dir='/usr/local/share/info' '/usr/local/share/info/ctf-spec.info'
make[3]: Leaving directory '/home/xyenchi/projects/binutils-gdb/buildrv/libctf'
make[2]: Leaving directory '/home/xyenchi/projects/binutils-gdb/buildrv/libctf'
make[2]: Entering directory '/home/xyenchi/projects/binutils-gdb/buildrv/ld'
make  install-recursive
make[3]: Entering directory '/home/xyenchi/projects/binutils-gdb/buildrv/ld'
Making install in po
make[4]: Entering directory '/home/xyenchi/projects/binutils-gdb/buildrv/ld/po'
if test -r ../../../ld/../mkinstalldirs; then \
  ../../../ld/../mkinstalldirs /usr/local/share; \
else \
  ../../../ld/mkinstalldirs /usr/local/share; \
fi
installing bg.gmo as /usr/local/share/locale/bg/LC_MESSAGES/ld.mo
installing da.gmo as /usr/local/share/locale/da/LC_MESSAGES/ld.mo
installing de.gmo as /usr/local/share/locale/de/LC_MESSAGES/ld.mo
installing es.gmo as /usr/local/share/locale/es/LC_MESSAGES/ld.mo
installing fi.gmo as /usr/local/share/locale/fi/LC_MESSAGES/ld.mo
installing fr.gmo as /usr/local/share/locale/fr/LC_MESSAGES/ld.mo
installing ga.gmo as /usr/local/share/locale/ga/LC_MESSAGES/ld.mo
installing id.gmo as /usr/local/share/locale/id/LC_MESSAGES/ld.mo
installing it.gmo as /usr/local/share/locale/it/LC_MESSAGES/ld.mo
installing ja.gmo as /usr/local/share/locale/ja/LC_MESSAGES/ld.mo
installing pt_BR.gmo as /usr/local/share/locale/pt_BR/LC_MESSAGES/ld.mo
installing ru.gmo as /usr/local/share/locale/ru/LC_MESSAGES/ld.mo
installing sr.gmo as /usr/local/share/locale/sr/LC_MESSAGES/ld.mo
installing sv.gmo as /usr/local/share/locale/sv/LC_MESSAGES/ld.mo
installing tr.gmo as /usr/local/share/locale/tr/LC_MESSAGES/ld.mo
installing uk.gmo as /usr/local/share/locale/uk/LC_MESSAGES/ld.mo
installing vi.gmo as /usr/local/share/locale/vi/LC_MESSAGES/ld.mo
installing zh_CN.gmo as /usr/local/share/locale/zh_CN/LC_MESSAGES/ld.mo
installing zh_TW.gmo as /usr/local/share/locale/zh_TW/LC_MESSAGES/ld.mo
if test "ld" = "gettext"; then \
  if test -r ../../../ld/../mkinstalldirs; then \
    ../../../ld/../mkinstalldirs /usr/local/share/gettext/po; \
  else \
    ../../../ld/mkinstalldirs /usr/local/share/gettext/po; \
  fi; \
  /usr/bin/install -c -m 644 ../../../ld/po/Makefile.in.in \
		  /usr/local/share/gettext/po/Makefile.in.in; \
else \
  : ; \
fi
make[4]: Leaving directory '/home/xyenchi/projects/binutils-gdb/buildrv/ld/po'
make[4]: Entering directory '/home/xyenchi/projects/binutils-gdb/buildrv/ld'
make[5]: Entering directory '/home/xyenchi/projects/binutils-gdb/buildrv/ld'
 /usr/bin/mkdir -p '/usr/local/bin'
  /bin/sh ./libtool   --mode=install /usr/bin/install -c ld-new '/usr/local/bin/./riscv64-unknown-linux-gnu-ld.bfd'
libtool: install: /usr/bin/install -c ld-new /usr/local/bin/./riscv64-unknown-linux-gnu-ld.bfd
/bin/sh ../../ld/../mkinstalldirs /usr/local/riscv64-unknown-linux-gnu/bin
n=`echo ld.bfd | sed 's/^ld-new$/ld.bfd/;s&^&riscv64-unknown-linux-gnu-&'`; \
if test "/usr/local/bin" != "/usr/local/riscv64-unknown-linux-gnu/bin"; then \
  rm -f /usr/local/riscv64-unknown-linux-gnu/bin/ld.bfd; \
  ln /usr/local/bin/$n /usr/local/riscv64-unknown-linux-gnu/bin/ld.bfd >/dev/null 2>/dev/null \
  ||  /bin/sh ./libtool --mode=install /usr/bin/install -c ld-new /usr/local/riscv64-unknown-linux-gnu/bin/ld.bfd; \
fi; \
if test "xyes" = "xyes"; then \
  ld=`echo ld | sed 's/^ld-new$/ld.bfd/;s&^&riscv64-unknown-linux-gnu-&'`; \
  rm -f /usr/local/bin/$ld; \
  ln /usr/local/bin/$n /usr/local/bin/$ld >/dev/null 2>/dev/null \
  ||  /bin/sh ./libtool --mode=install /usr/bin/install -c ld-new /usr/local/bin/$ld; \
  if test "/usr/local/bin" != "/usr/local/riscv64-unknown-linux-gnu/bin"; then \
    rm -f /usr/local/riscv64-unknown-linux-gnu/bin/ld; \
    ln /usr/local/bin/$n /usr/local/riscv64-unknown-linux-gnu/bin/ld >/dev/null 2>/dev/null \
    ||  /bin/sh ./libtool --mode=install /usr/bin/install -c ld-new /usr/local/riscv64-unknown-linux-gnu/bin/ld; \
  fi; \
fi
 /usr/bin/mkdir -p '/usr/local/lib/bfd-plugins'
 /bin/sh ./libtool   --mode=install /usr/bin/install -c   libdep.la '/usr/local/lib/bfd-plugins'
libtool: install: /usr/bin/install -c .libs/libdep.so /usr/local/lib/bfd-plugins/libdep.so
libtool: install: /usr/bin/install -c .libs/libdep.lai /usr/local/lib/bfd-plugins/libdep.la
/bin/sh ../../ld/../mkinstalldirs /usr/local/riscv64-unknown-linux-gnu/lib/ldscripts
mkdir -p -- /usr/local/riscv64-unknown-linux-gnu/lib/ldscripts
for f in ldscripts/* ; do \
  /usr/bin/install -c -m 644 $f /usr/local/riscv64-unknown-linux-gnu/lib/$f ; \
done
rm -f /usr/local/lib/bfd-plugins/libdep.la
rm -f /usr/local/lib/bfd-plugins/libdep.dll.a
 /usr/bin/mkdir -p '/usr/local/share/info'
 /usr/bin/install -c -m 644 ./ld.info ./ldint.info '/usr/local/share/info'
 install-info --info-dir='/usr/local/share/info' '/usr/local/share/info/ld.info'
 install-info --info-dir='/usr/local/share/info' '/usr/local/share/info/ldint.info'
 /usr/bin/mkdir -p '/usr/local/share/man/man1'
 /usr/bin/install -c -m 644 'ld.1' '/usr/local/share/man/man1/riscv64-unknown-linux-gnu-ld.1'
make[5]: Leaving directory '/home/xyenchi/projects/binutils-gdb/buildrv/ld'
make[4]: Leaving directory '/home/xyenchi/projects/binutils-gdb/buildrv/ld'
make[3]: Leaving directory '/home/xyenchi/projects/binutils-gdb/buildrv/ld'
make[2]: Leaving directory '/home/xyenchi/projects/binutils-gdb/buildrv/ld'
make[2]: Entering directory '/home/xyenchi/projects/binutils-gdb/buildrv/libbacktrace'
true  DO=all multi-do # make
make[3]: Entering directory '/home/xyenchi/projects/binutils-gdb/buildrv/libbacktrace'
true  DO=install multi-do # make
make[3]: Nothing to be done for 'install-data-am'.
make[3]: Leaving directory '/home/xyenchi/projects/binutils-gdb/buildrv/libbacktrace'
make[2]: Leaving directory '/home/xyenchi/projects/binutils-gdb/buildrv/libbacktrace'
make[2]: Entering directory '/home/xyenchi/projects/binutils-gdb/buildrv/libdecnumber'
make[2]: Nothing to be done for 'install'.
make[2]: Leaving directory '/home/xyenchi/projects/binutils-gdb/buildrv/libdecnumber'
make[2]: Entering directory '/home/xyenchi/projects/binutils-gdb/buildrv/libiberty'
make[3]: Entering directory '/home/xyenchi/projects/binutils-gdb/buildrv/libiberty/testsuite'
make[3]: Nothing to be done for 'all'.
make[3]: Leaving directory '/home/xyenchi/projects/binutils-gdb/buildrv/libiberty/testsuite'
if test -n ""; then \
	/bin/sh ../../libiberty/../mkinstalldirs /usr/local/lib/`gcc -g -O2     -print-multi-os-directory`; \
	/usr/bin/install -c -m 644 ./libiberty.a /usr/local/lib/`gcc -g -O2     -print-multi-os-directory`/./libiberty.an; \
	( cd /usr/local/lib/`gcc -g -O2     -print-multi-os-directory` ; chmod 644 ./libiberty.an ;ranlib --plugin /usr/local/libexec/gcc/x86_64-pc-linux-gnu/12.0.1/liblto_plugin.so ./libiberty.an ); \
	mv -f /usr/local/lib/`gcc -g -O2     -print-multi-os-directory`/./libiberty.an /usr/local/lib/`gcc -g -O2     -print-multi-os-directory`/./libiberty.a; \
	case "" in \
	  /*)    thd=;; \
	  *)     thd=/usr/local/include/;; \
	esac; \
	/bin/sh ../../libiberty/../mkinstalldirs ${thd}; \
	for h in ../../libiberty/../include/ansidecl.h ../../libiberty/../include/demangle.h ../../libiberty/../include/dyn-string.h ../../libiberty/../include/fibheap.h ../../libiberty/../include/floatformat.h ../../libiberty/../include/hashtab.h ../../libiberty/../include/libiberty.h ../../libiberty/../include/objalloc.h ../../libiberty/../include/partition.h ../../libiberty/../include/safe-ctype.h ../../libiberty/../include/sort.h ../../libiberty/../include/splay-tree.h ../../libiberty/../include/timeval-utils.h; do \
	  /usr/bin/install -c -m 644 $h ${thd}; \
	done; \
fi
make[3]: Entering directory '/home/xyenchi/projects/binutils-gdb/buildrv/libiberty/testsuite'
make[3]: Nothing to be done for 'install'.
make[3]: Leaving directory '/home/xyenchi/projects/binutils-gdb/buildrv/libiberty/testsuite'
make[2]: Leaving directory '/home/xyenchi/projects/binutils-gdb/buildrv/libiberty'
make[2]: Entering directory '/home/xyenchi/projects/binutils-gdb/buildrv/readline'
Making install in readline
make[3]: Entering directory '/home/xyenchi/projects/binutils-gdb/buildrv/readline/readline'
make[3]: Nothing to be done for 'install'.
make[3]: Leaving directory '/home/xyenchi/projects/binutils-gdb/buildrv/readline/readline'
make[3]: Entering directory '/home/xyenchi/projects/binutils-gdb/buildrv/readline'
make[4]: Entering directory '/home/xyenchi/projects/binutils-gdb/buildrv/readline'
make[4]: Nothing to be done for 'install-exec-am'.
make[4]: Nothing to be done for 'install-data-am'.
make[4]: Leaving directory '/home/xyenchi/projects/binutils-gdb/buildrv/readline'
make[3]: Leaving directory '/home/xyenchi/projects/binutils-gdb/buildrv/readline'
make[2]: Leaving directory '/home/xyenchi/projects/binutils-gdb/buildrv/readline'
make[2]: Entering directory '/home/xyenchi/projects/binutils-gdb/buildrv/sim'
make  install-recursive
make[3]: Entering directory '/home/xyenchi/projects/binutils-gdb/buildrv/sim'
make[4]: Entering directory '/home/xyenchi/projects/binutils-gdb/buildrv/sim'
make[5]: Entering directory '/home/xyenchi/projects/binutils-gdb/buildrv/sim'
make[6]: Entering directory '/home/xyenchi/projects/binutils-gdb/buildrv/sim'
for dir in "" "" "" "" "" "" "" "/usr/local/include/sim"; do \
  test -z "$dir" || /usr/bin/mkdir -p "$dir"; \
done
make[6]: Leaving directory '/home/xyenchi/projects/binutils-gdb/buildrv/sim'
run=`echo run | sed 's&^&riscv64-unknown-linux-gnu-&'`; \
for d in riscv; do \
	n="$run"; \
	[ "riscv" = "$d" ] || n="$n-$d"; \
	/bin/sh ./libtool --mode=install \
		/usr/bin/install -c $d/run /usr/local/bin/$n || exit 1; \
done
libtool: install: /usr/bin/install -c riscv/run /usr/local/bin/riscv64-unknown-linux-gnu-run
lib=`echo sim | sed 's&^&riscv64-unknown-linux-gnu-&'`; \
for d in riscv; do \
	n="$lib"; \
	[ "riscv" = "$d" ] || n="$n-$d"; \
	n="lib$n.a"; \
	/usr/bin/install -c -m 644 $d/libsim.a /usr/local/lib/$n || exit 1; \
done
 /usr/bin/mkdir -p '/usr/local/include/sim'
 /usr/bin/install -c -m 644 ../../sim/../include/sim/callback.h ../../sim/../include/sim/sim.h '/usr/local/include/sim'
make[5]: Leaving directory '/home/xyenchi/projects/binutils-gdb/buildrv/sim'
make[4]: Leaving directory '/home/xyenchi/projects/binutils-gdb/buildrv/sim'
make[3]: Leaving directory '/home/xyenchi/projects/binutils-gdb/buildrv/sim'
make[2]: Leaving directory '/home/xyenchi/projects/binutils-gdb/buildrv/sim'
make[2]: Entering directory '/home/xyenchi/projects/binutils-gdb/buildrv/gnulib'
Making install in import
make[3]: Entering directory '/home/xyenchi/projects/binutils-gdb/buildrv/gnulib/import'
make  install-recursive
make[4]: Entering directory '/home/xyenchi/projects/binutils-gdb/buildrv/gnulib/import'
make[5]: Entering directory '/home/xyenchi/projects/binutils-gdb/buildrv/gnulib/import'
make[6]: Entering directory '/home/xyenchi/projects/binutils-gdb/buildrv/gnulib/import'
make[6]: Nothing to be done for 'install-exec-am'.
make[6]: Nothing to be done for 'install-data-am'.
make[6]: Leaving directory '/home/xyenchi/projects/binutils-gdb/buildrv/gnulib/import'
make[5]: Leaving directory '/home/xyenchi/projects/binutils-gdb/buildrv/gnulib/import'
make[4]: Leaving directory '/home/xyenchi/projects/binutils-gdb/buildrv/gnulib/import'
make[3]: Leaving directory '/home/xyenchi/projects/binutils-gdb/buildrv/gnulib/import'
make[3]: Entering directory '/home/xyenchi/projects/binutils-gdb/buildrv/gnulib'
make[4]: Entering directory '/home/xyenchi/projects/binutils-gdb/buildrv/gnulib'
make[4]: Nothing to be done for 'install-exec-am'.
make[4]: Nothing to be done for 'install-data-am'.
make[4]: Leaving directory '/home/xyenchi/projects/binutils-gdb/buildrv/gnulib'
make[3]: Leaving directory '/home/xyenchi/projects/binutils-gdb/buildrv/gnulib'
make[2]: Leaving directory '/home/xyenchi/projects/binutils-gdb/buildrv/gnulib'
make[2]: Entering directory '/home/xyenchi/projects/binutils-gdb/buildrv/gdbsupport'
make[3]: Entering directory '/home/xyenchi/projects/binutils-gdb/buildrv/gdbsupport'
make[3]: Nothing to be done for 'install-exec-am'.
make[3]: Nothing to be done for 'install-data-am'.
make[3]: Leaving directory '/home/xyenchi/projects/binutils-gdb/buildrv/gdbsupport'
make[2]: Leaving directory '/home/xyenchi/projects/binutils-gdb/buildrv/gdbsupport'
make[2]: Entering directory '/home/xyenchi/projects/binutils-gdb/buildrv/gdb'
make[3]: Entering directory '/home/xyenchi/projects/binutils-gdb/buildrv/gdb'
make[4]: Entering directory '/home/xyenchi/projects/binutils-gdb/buildrv/gdb/doc'
make[4]: Nothing to be done for 'all'.
make[4]: Leaving directory '/home/xyenchi/projects/binutils-gdb/buildrv/gdb/doc'
make[4]: Entering directory '/home/xyenchi/projects/binutils-gdb/buildrv/gdb/testsuite'
make[4]: Leaving directory '/home/xyenchi/projects/binutils-gdb/buildrv/gdb/testsuite'
make[4]: Entering directory '/home/xyenchi/projects/binutils-gdb/buildrv/gdb/data-directory'
make[4]: Nothing to be done for 'all'.
make[4]: Leaving directory '/home/xyenchi/projects/binutils-gdb/buildrv/gdb/data-directory'
make[3]: Leaving directory '/home/xyenchi/projects/binutils-gdb/buildrv/gdb'
make[3]: Entering directory '/home/xyenchi/projects/binutils-gdb/buildrv/gdb'
/bin/sh ../../gdb/../mkinstalldirs /usr/local/share
cats=""; for cat in $cats; do \
  lang=`basename $cat | sed 's/\.gmo$//'`; \
  if [ -f $cat ]; then :; \
  elif [ -f ../../gdb/$cat ]; then cat=../../gdb/$cat; \
  else continue; \
  fi; \
  dir=/usr/local/share/locale/$lang/LC_MESSAGES; \
  echo /bin/sh ../../gdb/../mkinstalldirs $dir; \
  /bin/sh ../../gdb/../mkinstalldirs $dir || exit 1; \
  echo /usr/bin/install -c -m 644 $cat $dir/gdb.mo; \
  /usr/bin/install -c -m 644 $cat $dir/gdb.mo; \
done
/bin/sh ../../gdb/../mkinstalldirs /usr/local/share/gdb/python/gdb
/bin/sh ../../gdb/../mkinstalldirs /usr/local/share/gdb/guile/gdb
transformed_name=`t='s&^&riscv64-unknown-linux-gnu-&'; \
		  echo gdb | sed -e "$t"` ; \
	if test "x$transformed_name" = x; then \
	  transformed_name=gdb ; \
	else \
	  true ; \
	fi ; \
	/bin/sh ../../gdb/../mkinstalldirs /usr/local/bin ; \
	 /bin/sh ./libtool --mode=install /usr/bin/install -c \
		gdb \
		/usr/local/bin/$transformed_name ; \
	/bin/sh ../../gdb/../mkinstalldirs /usr/local/include/gdb ; \
	/usr/bin/install -c -m 644 jit-reader.h /usr/local/include/gdb/jit-reader.h
libtool: install: /usr/bin/install -c gdb /usr/local/bin/riscv64-unknown-linux-gnu-gdb
if test "x" != x; \
then \
  transformed_name=`t='s&^&riscv64-unknown-linux-gnu-&'; \
		    echo gcore | sed -e "$t"` ; \
	  if test "x$transformed_name" = x; then \
	    transformed_name=gcore ; \
	  else \
	    true ; \
	  fi ; \
	  /bin/sh ../../gdb/../mkinstalldirs /usr/local/bin ; \
	  /usr/bin/install -c gcore \
		  /usr/local/bin/$transformed_name; \
fi
transformed_name=`t='s&^&riscv64-unknown-linux-gnu-&'; \
		  echo gdb-add-index | sed -e "$t"` ; \
if test "x$transformed_name" = x; then \
  transformed_name=gdb-add-index ; \
else \
  true ; \
fi ; \
/usr/bin/install -c ../../gdb/contrib/gdb-add-index.sh \
	/usr/local/bin/$transformed_name
make[4]: Entering directory '/home/xyenchi/projects/binutils-gdb/buildrv/gdb'
make[5]: Entering directory '/home/xyenchi/projects/binutils-gdb/buildrv/gdb/doc'
/bin/sh ../../../gdb/doc/../../mkinstalldirs /usr/local/share/info
 /usr/bin/install -c -m 644 ./gdb.info /usr/local/share/info/gdb.info
 /usr/bin/install -c -m 644 ./stabs.info /usr/local/share/info/stabs.info
 /usr/bin/install -c -m 644 ./annotate.info /usr/local/share/info/annotate.info
 install-info --info-dir=/usr/local/share/info /usr/local/share/info/gdb.info
 install-info --info-dir=/usr/local/share/info /usr/local/share/info/stabs.info
 install-info --info-dir=/usr/local/share/info /usr/local/share/info/annotate.info
touch gdb.1
perl ../../../gdb/doc/../../etc/texi2pod.pl  -DHAVE_MAKEINFO_CLICK -Dman -Dgdb < ../../../gdb/doc/gdb.texinfo > gdb.pod
(pod2man --center="GNU Development Tools" --release="gdb-`sed q version.subst`" --section=1 gdb.pod | sed -e '/^.if n .na/d' > gdb.1.T$$ && \
	mv -f gdb.1.T$$ gdb.1) || (rm -f gdb.1.T$$ && exit 1)
rm -f gdb.pod
touch gdbserver.1
perl ../../../gdb/doc/../../etc/texi2pod.pl  -DHAVE_MAKEINFO_CLICK -Dman -Dgdbserver < ../../../gdb/doc/gdb.texinfo > gdbserver.pod
(pod2man --center="GNU Development Tools" --release="gdb-`sed q version.subst`" --section=1 gdbserver.pod | sed -e '/^.if n .na/d' > gdbserver.1.T$$ && \
	mv -f gdbserver.1.T$$ gdbserver.1) || (rm -f gdbserver.1.T$$ && exit 1)
rm -f gdbserver.pod
touch gcore.1
perl ../../../gdb/doc/../../etc/texi2pod.pl  -DHAVE_MAKEINFO_CLICK -Dman -Dgcore < ../../../gdb/doc/gdb.texinfo > gcore.pod
(pod2man --center="GNU Development Tools" --release="gdb-`sed q version.subst`" --section=1 gcore.pod | sed -e '/^.if n .na/d' > gcore.1.T$$ && \
	mv -f gcore.1.T$$ gcore.1) || (rm -f gcore.1.T$$ && exit 1)
rm -f gcore.pod
touch gdb-add-index.1
perl ../../../gdb/doc/../../etc/texi2pod.pl  -DHAVE_MAKEINFO_CLICK -Dman -Dgdb-add-index < ../../../gdb/doc/gdb.texinfo > gdb-add-index.pod
(pod2man --center="GNU Development Tools" --release="gdb-`sed q version.subst`" --section=1 gdb-add-index.pod | sed -e '/^.if n .na/d' > gdb-add-index.1.T$$ && \
	mv -f gdb-add-index.1.T$$ gdb-add-index.1) || (rm -f gdb-add-index.1.T$$ && exit 1)
rm -f gdb-add-index.pod
test -z "/usr/local/share/man/man1" || /bin/sh ../../../gdb/doc/../../mkinstalldirs "/usr/local/share/man/man1"
 /usr/bin/install -c -m 644 'gdb.1' '/usr/local/share/man/man1/riscv64-unknown-linux-gnu-gdb.1'
 /usr/bin/install -c -m 644 'gdbserver.1' '/usr/local/share/man/man1/riscv64-unknown-linux-gnu-gdbserver.1'
 /usr/bin/install -c -m 644 'gdb-add-index.1' '/usr/local/share/man/man1/riscv64-unknown-linux-gnu-gdb-add-index.1'
touch gdbinit.5
perl ../../../gdb/doc/../../etc/texi2pod.pl  -DHAVE_MAKEINFO_CLICK -Dman -Dgdbinit < ../../../gdb/doc/gdb.texinfo > gdbinit.pod
(pod2man --center="GNU Development Tools" --release="gdb-`sed q version.subst`" --section=5 gdbinit.pod | sed -e '/^.if n .na/d' > gdbinit.5.T$$ && \
	mv -f gdbinit.5.T$$ gdbinit.5) || (rm -f gdbinit.5.T$$ && exit 1)
rm -f gdbinit.pod
test -z "/usr/local/share/man/man5" || /bin/sh ../../../gdb/doc/../../mkinstalldirs "/usr/local/share/man/man5"
 /usr/bin/install -c -m 644 'gdbinit.5' '/usr/local/share/man/man5/riscv64-unknown-linux-gnu-gdbinit.5'
make[5]: Leaving directory '/home/xyenchi/projects/binutils-gdb/buildrv/gdb/doc'
make[5]: Entering directory '/home/xyenchi/projects/binutils-gdb/buildrv/gdb/testsuite'
make[5]: Nothing to be done for 'install'.
make[5]: Leaving directory '/home/xyenchi/projects/binutils-gdb/buildrv/gdb/testsuite'
make[5]: Entering directory '/home/xyenchi/projects/binutils-gdb/buildrv/gdb/data-directory'
make[6]: Entering directory '/home/xyenchi/projects/binutils-gdb/buildrv/gdb/data-directory'
/bin/sh ../../../gdb/data-directory/../../mkinstalldirs /usr/local/share/gdb/syscalls
files='gdb-syscalls.dtd freebsd.xml netbsd.xml aarch64-linux.xml amd64-linux.xml arm-linux.xml i386-linux.xml mips-n32-linux.xml mips-n64-linux.xml mips-o32-linux.xml ppc-linux.xml ppc64-linux.xml s390-linux.xml s390x-linux.xml sparc-linux.xml sparc64-linux.xml' ; \
for file in $files; do \
  f=../../../gdb/data-directory/../syscalls/$file ; \
  if test -f $f ; then \
    /usr/bin/install -c -m 644 $f /usr/local/share/gdb/syscalls ; \
  fi ; \
done
files='gdb/__init__.py gdb/disassembler.py gdb/FrameDecorator.py gdb/FrameIterator.py gdb/frames.py gdb/printing.py gdb/prompt.py gdb/styling.py gdb/types.py gdb/unwinder.py gdb/xmethod.py gdb/command/__init__.py gdb/command/explore.py gdb/command/frame_filters.py gdb/command/pretty_printers.py gdb/command/prompt.py gdb/command/type_printers.py gdb/command/unwinders.py gdb/command/xmethods.py gdb/dap/breakpoint.py gdb/dap/bt.py gdb/dap/disassemble.py gdb/dap/evaluate.py gdb/dap/events.py gdb/dap/frames.py gdb/dap/__init__.py gdb/dap/io.py gdb/dap/launch.py gdb/dap/locations.py gdb/dap/memory.py gdb/dap/modules.py gdb/dap/next.py gdb/dap/pause.py gdb/dap/scopes.py gdb/dap/server.py gdb/dap/sources.py gdb/dap/startup.py gdb/dap/state.py gdb/dap/threads.py gdb/dap/typecheck.py gdb/dap/varref.py gdb/function/__init__.py gdb/function/as_string.py gdb/function/caller_is.py gdb/function/strfns.py gdb/printer/__init__.py gdb/printer/bound_registers.py' ; \
if test "x$files" != x ; then \
  for file in $files ; do \
    dir=`echo "$file" | sed 's,/[^/]*$,,'` ; \
    /bin/sh ../../../gdb/data-directory/../../mkinstalldirs /usr/local/share/gdb/python/$dir ; \
    /usr/bin/install -c -m 644 ./python/$file /usr/local/share/gdb/python/$dir ; \
  done ; \
fi
files='./gdb.scm gdb/boot.scm gdb/experimental.scm gdb/init.scm gdb/iterator.scm gdb/printing.scm gdb/support.scm gdb/types.scm ./gdb.go gdb/experimental.go gdb/iterator.go gdb/printing.go gdb/support.go gdb/types.go' ; \
if test "x$files" != x ; then \
  for file in $files ; do \
    dir=`echo "$file" | sed 's,/[^/]*$,,'` ; \
    /bin/sh ../../../gdb/data-directory/../../mkinstalldirs /usr/local/share/gdb/guile/$dir ; \
    /usr/bin/install -c -m 644 ./guile/$file /usr/local/share/gdb/guile/$dir ; \
  done ; \
fi
/bin/sh ../../../gdb/data-directory/../../mkinstalldirs /usr/local/share/gdb/system-gdbinit
files='elinos.py wrs-linux.py' ; \
for file in $files; do \
  f=../../../gdb/data-directory/../system-gdbinit/$file ; \
  if test -f $f ; then \
    /usr/bin/install -c -m 644 $f /usr/local/share/gdb/system-gdbinit ; \
  fi ; \
done
make[6]: Leaving directory '/home/xyenchi/projects/binutils-gdb/buildrv/gdb/data-directory'
make[5]: Leaving directory '/home/xyenchi/projects/binutils-gdb/buildrv/gdb/data-directory'
make[4]: Leaving directory '/home/xyenchi/projects/binutils-gdb/buildrv/gdb'
make[3]: Leaving directory '/home/xyenchi/projects/binutils-gdb/buildrv/gdb'
make[2]: Leaving directory '/home/xyenchi/projects/binutils-gdb/buildrv/gdb'
make[1]: Nothing to be done for 'install-target'.
make[1]: Leaving directory '/home/xyenchi/projects/binutils-gdb/buildrv'
